
-------------------------
Project 1: BDDs.

A valid boolean expression consists of
(1) single character vars, and 
(2) AND, OR, NOT and parenthesis

 example: (a & !b | !a & b) & c
-------------------------

Choose a print mode: (v)erbose, (n)on-verbose

Enter a boolean expression:
in bdd form:
a 6
 |__b 5
 |  |__d 4
 |  |  |__1
 |  |  |__0
 |  |__0
 |__0


probability: 0.125

current state of tables:

computed_table:
{and,   2,   5}  -->  6
{and,   3,   4}  -->  5

unique_table:
{a,   0,   1}  -->  2
{a,   0,   5}  -->  6
{b,   0,   1}  -->  3
{b,   0,   4}  -->  5
{d,   0,   1}  -->  4

Would you like to...

(a)pply an operation with another bdd?									
(n)egative cofactor? 
(p)ositive cofactor? 									
(b)oolean difference? 
(s)ort by influence?                                     
(q)uit

Enter a boolean expression:
in bdd form:
a 9
 |__b 8
 |  |__c 7
 |  |  |__1
 |  |  |__0
 |  |__0
 |__0


probability: 0.125


choose one of the following operations:
 - and
 - or
 - xor

result:
a 12
 |__b 11
 |  |__c 10
 |  |  |__1
 |  |  |__d 4
 |  |     |__1
 |  |     |__0
 |  |__0
 |__0


probability: 0.1875

current state of tables:

computed_table:
{and,   2,   5}  -->  6
{and,   2,   8}  -->  9
{and,   3,   4}  -->  5
{and,   3,   7}  -->  8
{ or,   4,   7}  -->  10
{ or,   5,   8}  -->  11
{ or,   6,   9}  -->  12

unique_table:
{a,   0,   1}  -->  2
{a,   0,   5}  -->  6
{a,   0,   8}  -->  9
{a,   0,  11}  -->  12
{b,   0,   1}  -->  3
{b,   0,   4}  -->  5
{b,   0,   7}  -->  8
{b,   0,  10}  -->  11
{c,   0,   1}  -->  7
{c,   4,   1}  -->  10
{d,   0,   1}  -->  4

Would you like to...

(a)pply an operation with another bdd?									
(n)egative cofactor? 
(p)ositive cofactor? 									
(b)oolean difference? 
(s)ort by influence?                                     
(q)uit

Enter a boolean expression:
in bdd form:
c 13
 |__d 4
 |  |__1
 |  |__0
 |__0


probability: 0.25


choose one of the following operations:
 - and
 - or
 - xor

result:
a 17
 |__b 16
 |  |__c 15
 |  |  |__d 14
 |  |  |  |__0
 |  |  |  |__1
 |  |  |__d 4
 |  |     |__1
 |  |     |__0
 |  |__c 13
 |     |__d 4
 |     |  |__1
 |     |  |__0
 |     |__0
 |__c 13
    |__d 4
    |  |__1
    |  |__0
    |__0


probability: 0.3125

current state of tables:

computed_table:
{and,   2,   5}  -->  6
{and,   2,   8}  -->  9
{and,   3,   4}  -->  5
{and,   3,   7}  -->  8
{and,   4,   7}  -->  13
{ or,   4,   7}  -->  10
{ or,   5,   8}  -->  11
{ or,   6,   9}  -->  12
{xor,   1,   4}  -->  14
{xor,  10,  13}  -->  15
{xor,  11,  13}  -->  16
{xor,  12,  13}  -->  17

unique_table:
{a,   0,   1}  -->  2
{a,   0,   5}  -->  6
{a,   0,   8}  -->  9
{a,   0,  11}  -->  12
{a,  13,  16}  -->  17
{b,   0,   1}  -->  3
{b,   0,   4}  -->  5
{b,   0,   7}  -->  8
{b,   0,  10}  -->  11
{b,  13,  15}  -->  16
{c,   0,   1}  -->  7
{c,   0,   4}  -->  13
{c,   4,   1}  -->  10
{c,   4,  14}  -->  15
{d,   0,   1}  -->  4
{d,   1,   0}  -->  14

Would you like to...

(a)pply an operation with another bdd?									
(n)egative cofactor? 
(p)ositive cofactor? 									
(b)oolean difference? 
(s)ort by influence?                                     
(q)uit

c,0.625
d,0.625
a,0.375
b,0.375

result:
a 17
 |__b 16
 |  |__c 15
 |  |  |__d 14
 |  |  |  |__0
 |  |  |  |__1
 |  |  |__d 4
 |  |     |__1
 |  |     |__0
 |  |__c 13
 |     |__d 4
 |     |  |__1
 |     |  |__0
 |     |__0
 |__c 13
    |__d 4
    |  |__1
    |  |__0
    |__0


probability: 0.3125

current state of tables:

computed_table:
{and,   2,   5}  -->  6
{and,   2,   8}  -->  9
{and,   3,   4}  -->  5
{and,   3,   7}  -->  8
{and,   4,   7}  -->  13
{ or,   4,   7}  -->  10
{ or,   5,   8}  -->  11
{ or,   6,   9}  -->  12
{xor,   1,   4}  -->  14
{xor,   5,  18}  -->  20
{xor,   6,  19}  -->  21
{xor,   8,  23}  -->  25
{xor,   9,  24}  -->  26
{xor,  10,  13}  -->  15
{xor,  11,  13}  -->  16
{xor,  12,  13}  -->  17
{xor,  13,  15}  -->  10
{xor,  13,  16}  -->  11
{xor,  13,  27}  -->  28

unique_table:
{a,   0,   1}  -->  2
{a,   0,   5}  -->  6
{a,   0,   8}  -->  9
{a,   0,  10}  -->  28
{a,   0,  11}  -->  12
{a,   4,  18}  -->  19
{a,   4,  20}  -->  21
{a,   7,  23}  -->  24
{a,   7,  25}  -->  26
{a,  13,  15}  -->  27
{a,  13,  16}  -->  17
{b,   0,   1}  -->  3
{b,   0,   4}  -->  5
{b,   0,   7}  -->  8
{b,   0,  10}  -->  11
{b,   4,   1}  -->  20
{b,   4,  14}  -->  18
{b,   7,   1}  -->  25
{b,   7,  22}  -->  23
{b,  13,  15}  -->  16
{c,   0,   1}  -->  7
{c,   0,   4}  -->  13
{c,   1,   0}  -->  22
{c,   4,   1}  -->  10
{c,   4,  14}  -->  15
{d,   0,   1}  -->  4
{d,   1,   0}  -->  14

Would you like to...

(a)pply an operation with another bdd?									
(n)egative cofactor? 
(p)ositive cofactor? 									
(b)oolean difference? 
(s)ort by influence?                                     
(q)uit

